<?xml version="1.0" encoding="UTF-8"?>
<coverage generated="1754329766208" clover="3.2.0">
  <project timestamp="1754329766208" name="All files">
    <metrics statements="6" coveredstatements="6" conditionals="3" coveredconditionals="3" methods="1" coveredmethods="1" elements="10" coveredelements="10" complexity="0" loc="6" ncloc="6" packages="1" files="1" classes="1"/>
    <file name="PrivateRoute.jsx" path="D:\TASK\practice\src\components\PrivateRoute.jsx">
      <metrics statements="6" coveredstatements="6" conditionals="3" coveredconditionals="3" methods="1" coveredmethods="1"/>
      <line num="1" count="1" type="stmt"/>
      <line num="2" count="1" type="stmt"/>
      <line num="4" count="2" type="cond" truecount="1" falsecount="0"/>
      <line num="5" count="2" type="stmt"/>
      <line num="6" count="2" type="cond" truecount="2" falsecount="0"/>
      <line num="7" count="2" type="stmt"/>
    </file>
  </project>
</coverage>
